<!DOCTYPE html PUBLIC "-//W3C//DTD XHTML 1.1//EN" "http://www.w3.org/TR/xhtml11/DTD/xhtml11.dtd">
<html xmlns="http://www.w3.org/1999/xhtml"><head><title>TestNG Report</title><style type="text/css">table {margin-bottom:10px;border-collapse:collapse;empty-cells:show}th,td {border:1px solid #009;padding:.25em .5em}th {vertical-align:bottom}td {vertical-align:top}table a {font-weight:bold}.stripe td {background-color: #E6EBF9}.num {text-align:right}.passedodd td {background-color: #3F3}.passedeven td {background-color: #0A0}.skippedodd td {background-color: #DDD}.skippedeven td {background-color: #CCC}.failedodd td,.attn {background-color: #F33}.failedeven td,.stripe .attn {background-color: #D00}.stacktrace {white-space:pre;font-family:monospace}.totop {font-size:85%;text-align:center;border-bottom:2px solid #000}</style></head><body><table><tr><th>Test</th><th># Passed</th><th># Skipped</th><th># Failed</th><th>Time (ms)</th><th>Included Groups</th><th>Excluded Groups</th></tr><tr><th colspan="7">Suite</th></tr><tr><td><a href="#t0">ChromeTest</a></td><td class="num">3</td><td class="num">0</td><td class="num attn">2</td><td class="num">11,547</td><td></td><td></td></tr><tr class="stripe"><td><a href="#t1">FirefoxTest</a></td><td class="num">4</td><td class="num">0</td><td class="num attn">1</td><td class="num">32,062</td><td></td><td></td></tr><tr><th>Total</th><th class="num">7</th><th class="num">0</th><th class="num attn">3</th><th class="num">43,609</th><th colspan="2"></th></tr></table><table><thead><tr><th>Class</th><th>Method</th><th>Start</th><th>Time (ms)</th></tr></thead><tbody><tr><th colspan="4">Suite</th></tr></tbody><tbody id="t0"><tr><th colspan="4">ChromeTest &#8212; failed</th></tr><tr class="failedeven"><td rowspan="1">MyTest.FirstTest</td><td><a href="#m0">instagramTest</a></td><td rowspan="1">1596353776962</td><td rowspan="1">65</td></tr><tr class="failedodd"><td rowspan="1">MyTest.SecondTest</td><td><a href="#m1">myntraTest</a></td><td rowspan="1">1596353777531</td><td rowspan="1">1731</td></tr><tr><th colspan="4">ChromeTest &#8212; passed</th></tr><tr class="passedeven"><td rowspan="2">MyTest.FirstTest</td><td><a href="#m2">facebookTest</a></td><td rowspan="1">1596353772033</td><td rowspan="1">2030</td></tr><tr class="passedeven"><td><a href="#m3">gmailTest</a></td><td rowspan="1">1596353774703</td><td rowspan="1">1540</td></tr><tr class="passedodd"><td rowspan="1">MyTest.SecondTest</td><td><a href="#m4">thoughtworksTest</a></td><td rowspan="1">1596353779807</td><td rowspan="1">2621</td></tr></tbody><tbody id="t1"><tr><th colspan="4">FirefoxTest &#8212; failed</th></tr><tr class="failedeven"><td rowspan="1">MyTest.FirstTest</td><td><a href="#m5">instagramTest</a></td><td rowspan="1">1596353789023</td><td rowspan="1">18</td></tr><tr><th colspan="4">FirefoxTest &#8212; passed</th></tr><tr class="passedeven"><td rowspan="2">MyTest.FirstTest</td><td><a href="#m6">facebookTest</a></td><td rowspan="1">1596353774797</td><td rowspan="1">1715</td></tr><tr class="passedeven"><td><a href="#m7">gmailTest</a></td><td rowspan="1">1596353781620</td><td rowspan="1">2078</td></tr><tr class="passedodd"><td rowspan="2">MyTest.SecondTest</td><td><a href="#m8">myntraTest</a></td><td rowspan="1">1596353793184</td><td rowspan="1">1567</td></tr><tr class="passedodd"><td><a href="#m9">thoughtworksTest</a></td><td rowspan="1">1596353800331</td><td rowspan="1">1135</td></tr></tbody></table><h2>ChromeTest</h2><h3 id="m0">MyTest.FirstTest#instagramTest</h3><table class="result"><tr><th>Exception</th></tr><tr><td><div class="stacktrace">org.openqa.selenium.InvalidArgumentException: invalid argument
  (Session info: chrome=84.0.4147.105)
Build info: version: &apos;3.141.59&apos;, revision: &apos;e82be7d358&apos;, time: &apos;2018-11-14T08:17:03&apos;
System info: host: &apos;adem.local&apos;, ip: &apos;2605:a000:c9c5:1600:55c1:db41:e8c:be34%en0&apos;, os.name: &apos;Mac OS X&apos;, os.arch: &apos;x86_64&apos;, os.version: &apos;10.15.6&apos;, java.version: &apos;1.8.0_231&apos;
Driver info: org.openqa.selenium.remote.RemoteWebDriver
Capabilities {acceptInsecureCerts: false, browserName: chrome, browserVersion: 84.0.4147.105, chrome: {chromedriverVersion: 84.0.4147.30 (48b3e868b4cc0..., userDataDir: /tmp/.com.google.Chrome.8QPfrN}, goog:chromeOptions: {debuggerAddress: localhost:34473}, javascriptEnabled: true, networkConnectionEnabled: false, pageLoadStrategy: normal, platform: LINUX, platformName: LINUX, proxy: Proxy(), setWindowRect: true, strictFileInteractability: false, timeouts: {implicit: 0, pageLoad: 300000, script: 30000}, unhandledPromptBehavior: dismiss and notify, webauthn:virtualAuthenticators: true, webdriver.remote.sessionid: 3b9e493417c939047d62c796670...}
Session ID: 3b9e493417c939047d62c796670e57b7
	at org.openqa.selenium.remote.http.W3CHttpResponseCodec.createException(W3CHttpResponseCodec.java:187)
	at org.openqa.selenium.remote.http.W3CHttpResponseCodec.decode(W3CHttpResponseCodec.java:122)
	at org.openqa.selenium.remote.http.W3CHttpResponseCodec.decode(W3CHttpResponseCodec.java:49)
	at org.openqa.selenium.remote.HttpCommandExecutor.execute(HttpCommandExecutor.java:158)
	at org.openqa.selenium.remote.RemoteWebDriver.execute(RemoteWebDriver.java:552)
	at org.openqa.selenium.remote.RemoteWebDriver.get(RemoteWebDriver.java:277)
	at org.openqa.selenium.remote.RemoteWebDriver$RemoteNavigation.to(RemoteWebDriver.java:857)
	at MyTest.FirstTest.instagramTest(FirstTest.java:25)
	at java.util.concurrent.FutureTask.run(FutureTask.java:266)
	at java.util.concurrent.ThreadPoolExecutor.runWorker(ThreadPoolExecutor.java:1149)
	at java.util.concurrent.ThreadPoolExecutor$Worker.run(ThreadPoolExecutor.java:624)
	at java.lang.Thread.run(Thread.java:748)
... Removed 20 stack frames</div></td></tr></table><p class="totop"><a href="#summary">back to summary</a></p><h3 id="m1">MyTest.SecondTest#myntraTest</h3><table class="result"><tr><th>Exception</th></tr><tr><td><div class="stacktrace">org.openqa.selenium.WebDriverException: unknown error: session deleted because of page crash
from tab crashed
  (Session info: chrome=84.0.4147.105)
Build info: version: &apos;3.141.59&apos;, revision: &apos;e82be7d358&apos;, time: &apos;2018-11-14T08:17:03&apos;
System info: host: &apos;adem.local&apos;, ip: &apos;2605:a000:c9c5:1600:55c1:db41:e8c:be34%en0&apos;, os.name: &apos;Mac OS X&apos;, os.arch: &apos;x86_64&apos;, os.version: &apos;10.15.6&apos;, java.version: &apos;1.8.0_231&apos;
Driver info: org.openqa.selenium.remote.RemoteWebDriver
Capabilities {acceptInsecureCerts: false, browserName: chrome, browserVersion: 84.0.4147.105, chrome: {chromedriverVersion: 84.0.4147.30 (48b3e868b4cc0..., userDataDir: /tmp/.com.google.Chrome.qbSjWz}, goog:chromeOptions: {debuggerAddress: localhost:38373}, javascriptEnabled: true, networkConnectionEnabled: false, pageLoadStrategy: normal, platform: LINUX, platformName: LINUX, proxy: Proxy(), setWindowRect: true, strictFileInteractability: false, timeouts: {implicit: 0, pageLoad: 300000, script: 30000}, unhandledPromptBehavior: dismiss and notify, webauthn:virtualAuthenticators: true, webdriver.remote.sessionid: edfafb14b7f702d7eb523e9f2a3...}
Session ID: edfafb14b7f702d7eb523e9f2a3cd32a
	at org.openqa.selenium.remote.http.W3CHttpResponseCodec.createException(W3CHttpResponseCodec.java:187)
	at org.openqa.selenium.remote.http.W3CHttpResponseCodec.decode(W3CHttpResponseCodec.java:122)
	at org.openqa.selenium.remote.http.W3CHttpResponseCodec.decode(W3CHttpResponseCodec.java:49)
	at org.openqa.selenium.remote.HttpCommandExecutor.execute(HttpCommandExecutor.java:158)
	at org.openqa.selenium.remote.RemoteWebDriver.execute(RemoteWebDriver.java:552)
	at org.openqa.selenium.remote.RemoteWebDriver.get(RemoteWebDriver.java:277)
	at org.openqa.selenium.remote.RemoteWebDriver$RemoteNavigation.to(RemoteWebDriver.java:857)
	at MyTest.SecondTest.myntraTest(SecondTest.java:10)
	at java.util.concurrent.FutureTask.run(FutureTask.java:266)
	at java.util.concurrent.ThreadPoolExecutor.runWorker(ThreadPoolExecutor.java:1149)
	at java.util.concurrent.ThreadPoolExecutor$Worker.run(ThreadPoolExecutor.java:624)
	at java.lang.Thread.run(Thread.java:748)
... Removed 20 stack frames</div></td></tr></table><p class="totop"><a href="#summary">back to summary</a></p><h3 id="m2">MyTest.FirstTest#facebookTest</h3><table class="result"><tr><th>Messages</th></tr><tr><td><div class="messages">Facebook Test Started 11<br/>Facebook Test Started 11</div></td></tr></table><p class="totop"><a href="#summary">back to summary</a></p><h3 id="m3">MyTest.FirstTest#gmailTest</h3><table class="result"></table><p class="totop"><a href="#summary">back to summary</a></p><h3 id="m4">MyTest.SecondTest#thoughtworksTest</h3><table class="result"></table><p class="totop"><a href="#summary">back to summary</a></p><h2>FirefoxTest</h2><h3 id="m5">MyTest.FirstTest#instagramTest</h3><table class="result"><tr><th>Exception</th></tr><tr><td><div class="stacktrace">org.openqa.selenium.InvalidArgumentException: Malformed URL: URL constructor: https//www.instagram.com is not a valid URL.
Build info: version: &apos;3.141.59&apos;, revision: &apos;e82be7d358&apos;, time: &apos;2018-11-14T08:17:03&apos;
System info: host: &apos;adem.local&apos;, ip: &apos;2605:a000:c9c5:1600:55c1:db41:e8c:be34%en0&apos;, os.name: &apos;Mac OS X&apos;, os.arch: &apos;x86_64&apos;, os.version: &apos;10.15.6&apos;, java.version: &apos;1.8.0_231&apos;
Driver info: org.openqa.selenium.remote.RemoteWebDriver
Capabilities {acceptInsecureCerts: false, browserName: firefox, browserVersion: 79.0, javascriptEnabled: true, moz:accessibilityChecks: false, moz:buildID: 20200720193547, moz:geckodriverVersion: 0.27.0, moz:headless: false, moz:processID: 5778, moz:profile: /tmp/rust_mozprofilergFbaF, moz:shutdownTimeout: 60000, moz:useNonSpecCompliantPointerOrigin: false, moz:webdriverClick: true, pageLoadStrategy: normal, platform: LINUX, platformName: LINUX, platformVersion: 4.19.76-linuxkit, rotatable: false, setWindowRect: true, strictFileInteractability: false, timeouts: {implicit: 0, pageLoad: 300000, script: 30000}, unhandledPromptBehavior: dismiss and notify, webdriver.remote.sessionid: 19c08664-5a5d-4c0c-a76f-bf6...}
Session ID: 19c08664-5a5d-4c0c-a76f-bf627a3b324d
	at org.openqa.selenium.remote.http.W3CHttpResponseCodec.createException(W3CHttpResponseCodec.java:187)
	at org.openqa.selenium.remote.http.W3CHttpResponseCodec.decode(W3CHttpResponseCodec.java:122)
	at org.openqa.selenium.remote.http.W3CHttpResponseCodec.decode(W3CHttpResponseCodec.java:49)
	at org.openqa.selenium.remote.HttpCommandExecutor.execute(HttpCommandExecutor.java:158)
	at org.openqa.selenium.remote.RemoteWebDriver.execute(RemoteWebDriver.java:552)
	at org.openqa.selenium.remote.RemoteWebDriver.get(RemoteWebDriver.java:277)
	at org.openqa.selenium.remote.RemoteWebDriver$RemoteNavigation.to(RemoteWebDriver.java:857)
	at MyTest.FirstTest.instagramTest(FirstTest.java:25)
	at java.util.concurrent.FutureTask.run(FutureTask.java:266)
	at java.util.concurrent.ThreadPoolExecutor.runWorker(ThreadPoolExecutor.java:1149)
	at java.util.concurrent.ThreadPoolExecutor$Worker.run(ThreadPoolExecutor.java:624)
	at java.lang.Thread.run(Thread.java:748)
... Removed 20 stack frames</div></td></tr></table><p class="totop"><a href="#summary">back to summary</a></p><h3 id="m6">MyTest.FirstTest#facebookTest</h3><table class="result"><tr><th>Messages</th></tr><tr><td><div class="messages">Facebook Test Started 12<br/>Facebook Test Started 12</div></td></tr></table><p class="totop"><a href="#summary">back to summary</a></p><h3 id="m7">MyTest.FirstTest#gmailTest</h3><table class="result"></table><p class="totop"><a href="#summary">back to summary</a></p><h3 id="m8">MyTest.SecondTest#myntraTest</h3><table class="result"></table><p class="totop"><a href="#summary">back to summary</a></p><h3 id="m9">MyTest.SecondTest#thoughtworksTest</h3><table class="result"></table><p class="totop"><a href="#summary">back to summary</a></p></body></html>