<?xml version="1.0" encoding="UTF-8"?>
<testng-results skipped="0" failed="3" total="10" passed="7">
  <reporter-output>
    <line>
      <![CDATA[Facebook Test Started 11]]>
    </line>
    <line>
      <![CDATA[Facebook Test Started 11]]>
    </line>
    <line>
      <![CDATA[Facebook Test Started 12]]>
    </line>
    <line>
      <![CDATA[Facebook Test Started 12]]>
    </line>
  </reporter-output>
  <suite name="Suite" duration-ms="32062" started-at="2020-08-02T07:36:10Z" finished-at="2020-08-02T07:36:43Z">
    <groups>
    </groups>
    <test name="ChromeTest" duration-ms="11547" started-at="2020-08-02T07:36:10Z" finished-at="2020-08-02T07:36:22Z">
      <class name="MyTest.SecondTest">
        <test-method status="PASS" signature="setup(java.lang.String)[pri:0, instance:MyTest.SecondTest@6a5fc7f7]" name="setup" is-config="true" duration-ms="434" started-at="2020-08-02T03:36:17Z" finished-at="2020-08-02T03:36:17Z">
          <params>
            <param index="0">
              <value>
                <![CDATA[chrome]]>
              </value>
            </param>
          </params>
          <reporter-output>
          </reporter-output>
        </test-method> <!-- setup -->
        <test-method status="FAIL" signature="myntraTest()[pri:0, instance:MyTest.SecondTest@6a5fc7f7]" name="myntraTest" duration-ms="1731" started-at="2020-08-02T03:36:17Z" finished-at="2020-08-02T03:36:19Z">
          <exception class="org.openqa.selenium.WebDriverException">
            <message>
              <![CDATA[unknown error: session deleted because of page crash
from tab crashed
  (Session info: chrome=84.0.4147.105)
Build info: version: '3.141.59', revision: 'e82be7d358', time: '2018-11-14T08:17:03'
System info: host: 'adem.local', ip: '2605:a000:c9c5:1600:55c1:db41:e8c:be34%en0', os.name: 'Mac OS X', os.arch: 'x86_64', os.version: '10.15.6', java.version: '1.8.0_231'
Driver info: org.openqa.selenium.remote.RemoteWebDriver
Capabilities {acceptInsecureCerts: false, browserName: chrome, browserVersion: 84.0.4147.105, chrome: {chromedriverVersion: 84.0.4147.30 (48b3e868b4cc0..., userDataDir: /tmp/.com.google.Chrome.qbSjWz}, goog:chromeOptions: {debuggerAddress: localhost:38373}, javascriptEnabled: true, networkConnectionEnabled: false, pageLoadStrategy: normal, platform: LINUX, platformName: LINUX, proxy: Proxy(), setWindowRect: true, strictFileInteractability: false, timeouts: {implicit: 0, pageLoad: 300000, script: 30000}, unhandledPromptBehavior: dismiss and notify, webauthn:virtualAuthenticators: true, webdriver.remote.sessionid: edfafb14b7f702d7eb523e9f2a3...}
Session ID: edfafb14b7f702d7eb523e9f2a3cd32a]]>
            </message>
            <full-stacktrace>
              <![CDATA[org.openqa.selenium.WebDriverException: unknown error: session deleted because of page crash
from tab crashed
  (Session info: chrome=84.0.4147.105)
Build info: version: '3.141.59', revision: 'e82be7d358', time: '2018-11-14T08:17:03'
System info: host: 'adem.local', ip: '2605:a000:c9c5:1600:55c1:db41:e8c:be34%en0', os.name: 'Mac OS X', os.arch: 'x86_64', os.version: '10.15.6', java.version: '1.8.0_231'
Driver info: org.openqa.selenium.remote.RemoteWebDriver
Capabilities {acceptInsecureCerts: false, browserName: chrome, browserVersion: 84.0.4147.105, chrome: {chromedriverVersion: 84.0.4147.30 (48b3e868b4cc0..., userDataDir: /tmp/.com.google.Chrome.qbSjWz}, goog:chromeOptions: {debuggerAddress: localhost:38373}, javascriptEnabled: true, networkConnectionEnabled: false, pageLoadStrategy: normal, platform: LINUX, platformName: LINUX, proxy: Proxy(), setWindowRect: true, strictFileInteractability: false, timeouts: {implicit: 0, pageLoad: 300000, script: 30000}, unhandledPromptBehavior: dismiss and notify, webauthn:virtualAuthenticators: true, webdriver.remote.sessionid: edfafb14b7f702d7eb523e9f2a3...}
Session ID: edfafb14b7f702d7eb523e9f2a3cd32a
	at sun.reflect.NativeConstructorAccessorImpl.newInstance0(Native Method)
	at sun.reflect.NativeConstructorAccessorImpl.newInstance(NativeConstructorAccessorImpl.java:62)
	at sun.reflect.DelegatingConstructorAccessorImpl.newInstance(DelegatingConstructorAccessorImpl.java:45)
	at java.lang.reflect.Constructor.newInstance(Constructor.java:423)
	at org.openqa.selenium.remote.http.W3CHttpResponseCodec.createException(W3CHttpResponseCodec.java:187)
	at org.openqa.selenium.remote.http.W3CHttpResponseCodec.decode(W3CHttpResponseCodec.java:122)
	at org.openqa.selenium.remote.http.W3CHttpResponseCodec.decode(W3CHttpResponseCodec.java:49)
	at org.openqa.selenium.remote.HttpCommandExecutor.execute(HttpCommandExecutor.java:158)
	at org.openqa.selenium.remote.RemoteWebDriver.execute(RemoteWebDriver.java:552)
	at org.openqa.selenium.remote.RemoteWebDriver.get(RemoteWebDriver.java:277)
	at org.openqa.selenium.remote.RemoteWebDriver$RemoteNavigation.to(RemoteWebDriver.java:857)
	at MyTest.SecondTest.myntraTest(SecondTest.java:10)
	at sun.reflect.NativeMethodAccessorImpl.invoke0(Native Method)
	at sun.reflect.NativeMethodAccessorImpl.invoke(NativeMethodAccessorImpl.java:62)
	at sun.reflect.DelegatingMethodAccessorImpl.invoke(DelegatingMethodAccessorImpl.java:43)
	at java.lang.reflect.Method.invoke(Method.java:498)
	at org.testng.internal.MethodInvocationHelper.invokeMethod(MethodInvocationHelper.java:86)
	at org.testng.internal.Invoker.invokeMethod(Invoker.java:645)
	at org.testng.internal.Invoker.invokeTestMethod(Invoker.java:822)
	at org.testng.internal.Invoker.invokeTestMethods(Invoker.java:1130)
	at org.testng.internal.TestMethodWorker.invokeTestMethods(TestMethodWorker.java:129)
	at org.testng.internal.TestMethodWorker.run(TestMethodWorker.java:112)
	at org.testng.TestRunner.privateRun(TestRunner.java:782)
	at org.testng.TestRunner.run(TestRunner.java:632)
	at org.testng.SuiteRunner.runTest(SuiteRunner.java:366)
	at org.testng.SuiteRunner.access$000(SuiteRunner.java:39)
	at org.testng.SuiteRunner$SuiteWorker.run(SuiteRunner.java:400)
	at org.testng.internal.thread.ThreadUtil$2.call(ThreadUtil.java:64)
	at java.util.concurrent.FutureTask.run(FutureTask.java:266)
	at java.util.concurrent.ThreadPoolExecutor.runWorker(ThreadPoolExecutor.java:1149)
	at java.util.concurrent.ThreadPoolExecutor$Worker.run(ThreadPoolExecutor.java:624)
	at java.lang.Thread.run(Thread.java:748)
]]>
            </full-stacktrace>
          </exception> <!-- org.openqa.selenium.WebDriverException -->
          <reporter-output>
          </reporter-output>
        </test-method> <!-- myntraTest -->
        <test-method status="PASS" signature="tearDown()[pri:0, instance:MyTest.SecondTest@6a5fc7f7]" name="tearDown" is-config="true" duration-ms="10" started-at="2020-08-02T03:36:19Z" finished-at="2020-08-02T03:36:19Z">
          <reporter-output>
          </reporter-output>
        </test-method> <!-- tearDown -->
        <test-method status="PASS" signature="setup(java.lang.String)[pri:0, instance:MyTest.SecondTest@6a5fc7f7]" name="setup" is-config="true" duration-ms="530" started-at="2020-08-02T03:36:19Z" finished-at="2020-08-02T03:36:19Z">
          <params>
            <param index="0">
              <value>
                <![CDATA[chrome]]>
              </value>
            </param>
          </params>
          <reporter-output>
          </reporter-output>
        </test-method> <!-- setup -->
        <test-method status="PASS" signature="thoughtworksTest()[pri:0, instance:MyTest.SecondTest@6a5fc7f7]" name="thoughtworksTest" duration-ms="2621" started-at="2020-08-02T03:36:19Z" finished-at="2020-08-02T03:36:22Z">
          <reporter-output>
          </reporter-output>
        </test-method> <!-- thoughtworksTest -->
        <test-method status="PASS" signature="tearDown()[pri:0, instance:MyTest.SecondTest@6a5fc7f7]" name="tearDown" is-config="true" duration-ms="65" started-at="2020-08-02T03:36:22Z" finished-at="2020-08-02T03:36:22Z">
          <reporter-output>
          </reporter-output>
        </test-method> <!-- tearDown -->
        <test-method status="PASS" signature="terminate()[pri:0, instance:MyTest.SecondTest@6a5fc7f7]" name="terminate" is-config="true" duration-ms="0" started-at="2020-08-02T03:36:22Z" finished-at="2020-08-02T03:36:22Z">
          <reporter-output>
          </reporter-output>
        </test-method> <!-- terminate -->
      </class> <!-- MyTest.SecondTest -->
      <class name="MyTest.FirstTest">
        <test-method status="PASS" signature="setup(java.lang.String)[pri:0, instance:MyTest.FirstTest@5594a1b5]" name="setup" is-config="true" duration-ms="1070" started-at="2020-08-02T03:36:10Z" finished-at="2020-08-02T03:36:12Z">
          <params>
            <param index="0">
              <value>
                <![CDATA[chrome]]>
              </value>
            </param>
          </params>
          <reporter-output>
          </reporter-output>
        </test-method> <!-- setup -->
        <test-method status="PASS" signature="facebookTest()[pri:0, instance:MyTest.FirstTest@5594a1b5]" name="facebookTest" duration-ms="2030" started-at="2020-08-02T03:36:12Z" finished-at="2020-08-02T03:36:14Z">
          <reporter-output>
            <line>
              <![CDATA[Facebook Test Started 11]]>
            </line>
            <line>
              <![CDATA[Facebook Test Started 11]]>
            </line>
          </reporter-output>
        </test-method> <!-- facebookTest -->
        <test-method status="PASS" signature="tearDown()[pri:0, instance:MyTest.FirstTest@5594a1b5]" name="tearDown" is-config="true" duration-ms="65" started-at="2020-08-02T03:36:14Z" finished-at="2020-08-02T03:36:14Z">
          <reporter-output>
          </reporter-output>
        </test-method> <!-- tearDown -->
        <test-method status="PASS" signature="setup(java.lang.String)[pri:0, instance:MyTest.FirstTest@5594a1b5]" name="setup" is-config="true" duration-ms="573" started-at="2020-08-02T03:36:14Z" finished-at="2020-08-02T03:36:14Z">
          <params>
            <param index="0">
              <value>
                <![CDATA[chrome]]>
              </value>
            </param>
          </params>
          <reporter-output>
          </reporter-output>
        </test-method> <!-- setup -->
        <test-method status="PASS" signature="gmailTest()[pri:0, instance:MyTest.FirstTest@5594a1b5]" name="gmailTest" duration-ms="1540" started-at="2020-08-02T03:36:14Z" finished-at="2020-08-02T03:36:16Z">
          <reporter-output>
          </reporter-output>
        </test-method> <!-- gmailTest -->
        <test-method status="PASS" signature="tearDown()[pri:0, instance:MyTest.FirstTest@5594a1b5]" name="tearDown" is-config="true" duration-ms="66" started-at="2020-08-02T03:36:16Z" finished-at="2020-08-02T03:36:16Z">
          <reporter-output>
          </reporter-output>
        </test-method> <!-- tearDown -->
        <test-method status="PASS" signature="setup(java.lang.String)[pri:0, instance:MyTest.FirstTest@5594a1b5]" name="setup" is-config="true" duration-ms="652" started-at="2020-08-02T03:36:16Z" finished-at="2020-08-02T03:36:16Z">
          <params>
            <param index="0">
              <value>
                <![CDATA[chrome]]>
              </value>
            </param>
          </params>
          <reporter-output>
          </reporter-output>
        </test-method> <!-- setup -->
        <test-method status="FAIL" signature="instagramTest()[pri:0, instance:MyTest.FirstTest@5594a1b5]" name="instagramTest" duration-ms="65" started-at="2020-08-02T03:36:16Z" finished-at="2020-08-02T03:36:17Z">
          <exception class="org.openqa.selenium.InvalidArgumentException">
            <message>
              <![CDATA[invalid argument
  (Session info: chrome=84.0.4147.105)
Build info: version: '3.141.59', revision: 'e82be7d358', time: '2018-11-14T08:17:03'
System info: host: 'adem.local', ip: '2605:a000:c9c5:1600:55c1:db41:e8c:be34%en0', os.name: 'Mac OS X', os.arch: 'x86_64', os.version: '10.15.6', java.version: '1.8.0_231'
Driver info: org.openqa.selenium.remote.RemoteWebDriver
Capabilities {acceptInsecureCerts: false, browserName: chrome, browserVersion: 84.0.4147.105, chrome: {chromedriverVersion: 84.0.4147.30 (48b3e868b4cc0..., userDataDir: /tmp/.com.google.Chrome.8QPfrN}, goog:chromeOptions: {debuggerAddress: localhost:34473}, javascriptEnabled: true, networkConnectionEnabled: false, pageLoadStrategy: normal, platform: LINUX, platformName: LINUX, proxy: Proxy(), setWindowRect: true, strictFileInteractability: false, timeouts: {implicit: 0, pageLoad: 300000, script: 30000}, unhandledPromptBehavior: dismiss and notify, webauthn:virtualAuthenticators: true, webdriver.remote.sessionid: 3b9e493417c939047d62c796670...}
Session ID: 3b9e493417c939047d62c796670e57b7]]>
            </message>
            <full-stacktrace>
              <![CDATA[org.openqa.selenium.InvalidArgumentException: invalid argument
  (Session info: chrome=84.0.4147.105)
Build info: version: '3.141.59', revision: 'e82be7d358', time: '2018-11-14T08:17:03'
System info: host: 'adem.local', ip: '2605:a000:c9c5:1600:55c1:db41:e8c:be34%en0', os.name: 'Mac OS X', os.arch: 'x86_64', os.version: '10.15.6', java.version: '1.8.0_231'
Driver info: org.openqa.selenium.remote.RemoteWebDriver
Capabilities {acceptInsecureCerts: false, browserName: chrome, browserVersion: 84.0.4147.105, chrome: {chromedriverVersion: 84.0.4147.30 (48b3e868b4cc0..., userDataDir: /tmp/.com.google.Chrome.8QPfrN}, goog:chromeOptions: {debuggerAddress: localhost:34473}, javascriptEnabled: true, networkConnectionEnabled: false, pageLoadStrategy: normal, platform: LINUX, platformName: LINUX, proxy: Proxy(), setWindowRect: true, strictFileInteractability: false, timeouts: {implicit: 0, pageLoad: 300000, script: 30000}, unhandledPromptBehavior: dismiss and notify, webauthn:virtualAuthenticators: true, webdriver.remote.sessionid: 3b9e493417c939047d62c796670...}
Session ID: 3b9e493417c939047d62c796670e57b7
	at sun.reflect.NativeConstructorAccessorImpl.newInstance0(Native Method)
	at sun.reflect.NativeConstructorAccessorImpl.newInstance(NativeConstructorAccessorImpl.java:62)
	at sun.reflect.DelegatingConstructorAccessorImpl.newInstance(DelegatingConstructorAccessorImpl.java:45)
	at java.lang.reflect.Constructor.newInstance(Constructor.java:423)
	at org.openqa.selenium.remote.http.W3CHttpResponseCodec.createException(W3CHttpResponseCodec.java:187)
	at org.openqa.selenium.remote.http.W3CHttpResponseCodec.decode(W3CHttpResponseCodec.java:122)
	at org.openqa.selenium.remote.http.W3CHttpResponseCodec.decode(W3CHttpResponseCodec.java:49)
	at org.openqa.selenium.remote.HttpCommandExecutor.execute(HttpCommandExecutor.java:158)
	at org.openqa.selenium.remote.RemoteWebDriver.execute(RemoteWebDriver.java:552)
	at org.openqa.selenium.remote.RemoteWebDriver.get(RemoteWebDriver.java:277)
	at org.openqa.selenium.remote.RemoteWebDriver$RemoteNavigation.to(RemoteWebDriver.java:857)
	at MyTest.FirstTest.instagramTest(FirstTest.java:25)
	at sun.reflect.NativeMethodAccessorImpl.invoke0(Native Method)
	at sun.reflect.NativeMethodAccessorImpl.invoke(NativeMethodAccessorImpl.java:62)
	at sun.reflect.DelegatingMethodAccessorImpl.invoke(DelegatingMethodAccessorImpl.java:43)
	at java.lang.reflect.Method.invoke(Method.java:498)
	at org.testng.internal.MethodInvocationHelper.invokeMethod(MethodInvocationHelper.java:86)
	at org.testng.internal.Invoker.invokeMethod(Invoker.java:645)
	at org.testng.internal.Invoker.invokeTestMethod(Invoker.java:822)
	at org.testng.internal.Invoker.invokeTestMethods(Invoker.java:1130)
	at org.testng.internal.TestMethodWorker.invokeTestMethods(TestMethodWorker.java:129)
	at org.testng.internal.TestMethodWorker.run(TestMethodWorker.java:112)
	at org.testng.TestRunner.privateRun(TestRunner.java:782)
	at org.testng.TestRunner.run(TestRunner.java:632)
	at org.testng.SuiteRunner.runTest(SuiteRunner.java:366)
	at org.testng.SuiteRunner.access$000(SuiteRunner.java:39)
	at org.testng.SuiteRunner$SuiteWorker.run(SuiteRunner.java:400)
	at org.testng.internal.thread.ThreadUtil$2.call(ThreadUtil.java:64)
	at java.util.concurrent.FutureTask.run(FutureTask.java:266)
	at java.util.concurrent.ThreadPoolExecutor.runWorker(ThreadPoolExecutor.java:1149)
	at java.util.concurrent.ThreadPoolExecutor$Worker.run(ThreadPoolExecutor.java:624)
	at java.lang.Thread.run(Thread.java:748)
]]>
            </full-stacktrace>
          </exception> <!-- org.openqa.selenium.InvalidArgumentException -->
          <reporter-output>
          </reporter-output>
        </test-method> <!-- instagramTest -->
        <test-method status="PASS" signature="tearDown()[pri:0, instance:MyTest.FirstTest@5594a1b5]" name="tearDown" is-config="true" duration-ms="66" started-at="2020-08-02T03:36:17Z" finished-at="2020-08-02T03:36:17Z">
          <reporter-output>
          </reporter-output>
        </test-method> <!-- tearDown -->
        <test-method status="PASS" signature="terminate()[pri:0, instance:MyTest.FirstTest@5594a1b5]" name="terminate" is-config="true" duration-ms="0" started-at="2020-08-02T03:36:17Z" finished-at="2020-08-02T03:36:17Z">
          <reporter-output>
          </reporter-output>
        </test-method> <!-- terminate -->
      </class> <!-- MyTest.FirstTest -->
    </test> <!-- ChromeTest -->
    <test name="FirefoxTest" duration-ms="32062" started-at="2020-08-02T07:36:10Z" finished-at="2020-08-02T07:36:43Z">
      <class name="MyTest.SecondTest">
        <test-method status="PASS" signature="setup(java.lang.String)[pri:0, instance:MyTest.SecondTest@96532d6]" name="setup" is-config="true" duration-ms="2619" started-at="2020-08-02T03:36:30Z" finished-at="2020-08-02T03:36:33Z">
          <params>
            <param index="0">
              <value>
                <![CDATA[firefox]]>
              </value>
            </param>
          </params>
          <reporter-output>
          </reporter-output>
        </test-method> <!-- setup -->
        <test-method status="PASS" signature="myntraTest()[pri:0, instance:MyTest.SecondTest@96532d6]" name="myntraTest" duration-ms="1567" started-at="2020-08-02T03:36:33Z" finished-at="2020-08-02T03:36:34Z">
          <reporter-output>
          </reporter-output>
        </test-method> <!-- myntraTest -->
        <test-method status="PASS" signature="tearDown()[pri:0, instance:MyTest.SecondTest@96532d6]" name="tearDown" is-config="true" duration-ms="2654" started-at="2020-08-02T03:36:34Z" finished-at="2020-08-02T03:36:37Z">
          <reporter-output>
          </reporter-output>
        </test-method> <!-- tearDown -->
        <test-method status="PASS" signature="setup(java.lang.String)[pri:0, instance:MyTest.SecondTest@96532d6]" name="setup" is-config="true" duration-ms="2924" started-at="2020-08-02T03:36:37Z" finished-at="2020-08-02T03:36:40Z">
          <params>
            <param index="0">
              <value>
                <![CDATA[firefox]]>
              </value>
            </param>
          </params>
          <reporter-output>
          </reporter-output>
        </test-method> <!-- setup -->
        <test-method status="PASS" signature="thoughtworksTest()[pri:0, instance:MyTest.SecondTest@96532d6]" name="thoughtworksTest" duration-ms="1135" started-at="2020-08-02T03:36:40Z" finished-at="2020-08-02T03:36:41Z">
          <reporter-output>
          </reporter-output>
        </test-method> <!-- thoughtworksTest -->
        <test-method status="PASS" signature="tearDown()[pri:0, instance:MyTest.SecondTest@96532d6]" name="tearDown" is-config="true" duration-ms="1543" started-at="2020-08-02T03:36:41Z" finished-at="2020-08-02T03:36:43Z">
          <reporter-output>
          </reporter-output>
        </test-method> <!-- tearDown -->
        <test-method status="PASS" signature="terminate()[pri:0, instance:MyTest.SecondTest@96532d6]" name="terminate" is-config="true" duration-ms="0" started-at="2020-08-02T03:36:43Z" finished-at="2020-08-02T03:36:43Z">
          <reporter-output>
          </reporter-output>
        </test-method> <!-- terminate -->
      </class> <!-- MyTest.SecondTest -->
      <class name="MyTest.FirstTest">
        <test-method status="PASS" signature="setup(java.lang.String)[pri:0, instance:MyTest.FirstTest@506e6d5e]" name="setup" is-config="true" duration-ms="3834" started-at="2020-08-02T03:36:10Z" finished-at="2020-08-02T03:36:14Z">
          <params>
            <param index="0">
              <value>
                <![CDATA[firefox]]>
              </value>
            </param>
          </params>
          <reporter-output>
          </reporter-output>
        </test-method> <!-- setup -->
        <test-method status="PASS" signature="facebookTest()[pri:0, instance:MyTest.FirstTest@506e6d5e]" name="facebookTest" duration-ms="1715" started-at="2020-08-02T03:36:14Z" finished-at="2020-08-02T03:36:16Z">
          <reporter-output>
            <line>
              <![CDATA[Facebook Test Started 12]]>
            </line>
            <line>
              <![CDATA[Facebook Test Started 12]]>
            </line>
          </reporter-output>
        </test-method> <!-- facebookTest -->
        <test-method status="PASS" signature="tearDown()[pri:0, instance:MyTest.FirstTest@506e6d5e]" name="tearDown" is-config="true" duration-ms="1716" started-at="2020-08-02T03:36:16Z" finished-at="2020-08-02T03:36:18Z">
          <reporter-output>
          </reporter-output>
        </test-method> <!-- tearDown -->
        <test-method status="PASS" signature="setup(java.lang.String)[pri:0, instance:MyTest.FirstTest@506e6d5e]" name="setup" is-config="true" duration-ms="3390" started-at="2020-08-02T03:36:18Z" finished-at="2020-08-02T03:36:21Z">
          <params>
            <param index="0">
              <value>
                <![CDATA[firefox]]>
              </value>
            </param>
          </params>
          <reporter-output>
          </reporter-output>
        </test-method> <!-- setup -->
        <test-method status="PASS" signature="gmailTest()[pri:0, instance:MyTest.FirstTest@506e6d5e]" name="gmailTest" duration-ms="2078" started-at="2020-08-02T03:36:21Z" finished-at="2020-08-02T03:36:23Z">
          <reporter-output>
          </reporter-output>
        </test-method> <!-- gmailTest -->
        <test-method status="PASS" signature="tearDown()[pri:0, instance:MyTest.FirstTest@506e6d5e]" name="tearDown" is-config="true" duration-ms="2594" started-at="2020-08-02T03:36:23Z" finished-at="2020-08-02T03:36:26Z">
          <reporter-output>
          </reporter-output>
        </test-method> <!-- tearDown -->
        <test-method status="PASS" signature="setup(java.lang.String)[pri:0, instance:MyTest.FirstTest@506e6d5e]" name="setup" is-config="true" duration-ms="2730" started-at="2020-08-02T03:36:26Z" finished-at="2020-08-02T03:36:29Z">
          <params>
            <param index="0">
              <value>
                <![CDATA[firefox]]>
              </value>
            </param>
          </params>
          <reporter-output>
          </reporter-output>
        </test-method> <!-- setup -->
        <test-method status="FAIL" signature="instagramTest()[pri:0, instance:MyTest.FirstTest@506e6d5e]" name="instagramTest" duration-ms="18" started-at="2020-08-02T03:36:29Z" finished-at="2020-08-02T03:36:29Z">
          <exception class="org.openqa.selenium.InvalidArgumentException">
            <message>
              <![CDATA[Malformed URL: URL constructor: https//www.instagram.com is not a valid URL.
Build info: version: '3.141.59', revision: 'e82be7d358', time: '2018-11-14T08:17:03'
System info: host: 'adem.local', ip: '2605:a000:c9c5:1600:55c1:db41:e8c:be34%en0', os.name: 'Mac OS X', os.arch: 'x86_64', os.version: '10.15.6', java.version: '1.8.0_231'
Driver info: org.openqa.selenium.remote.RemoteWebDriver
Capabilities {acceptInsecureCerts: false, browserName: firefox, browserVersion: 79.0, javascriptEnabled: true, moz:accessibilityChecks: false, moz:buildID: 20200720193547, moz:geckodriverVersion: 0.27.0, moz:headless: false, moz:processID: 5778, moz:profile: /tmp/rust_mozprofilergFbaF, moz:shutdownTimeout: 60000, moz:useNonSpecCompliantPointerOrigin: false, moz:webdriverClick: true, pageLoadStrategy: normal, platform: LINUX, platformName: LINUX, platformVersion: 4.19.76-linuxkit, rotatable: false, setWindowRect: true, strictFileInteractability: false, timeouts: {implicit: 0, pageLoad: 300000, script: 30000}, unhandledPromptBehavior: dismiss and notify, webdriver.remote.sessionid: 19c08664-5a5d-4c0c-a76f-bf6...}
Session ID: 19c08664-5a5d-4c0c-a76f-bf627a3b324d]]>
            </message>
            <full-stacktrace>
              <![CDATA[org.openqa.selenium.InvalidArgumentException: Malformed URL: URL constructor: https//www.instagram.com is not a valid URL.
Build info: version: '3.141.59', revision: 'e82be7d358', time: '2018-11-14T08:17:03'
System info: host: 'adem.local', ip: '2605:a000:c9c5:1600:55c1:db41:e8c:be34%en0', os.name: 'Mac OS X', os.arch: 'x86_64', os.version: '10.15.6', java.version: '1.8.0_231'
Driver info: org.openqa.selenium.remote.RemoteWebDriver
Capabilities {acceptInsecureCerts: false, browserName: firefox, browserVersion: 79.0, javascriptEnabled: true, moz:accessibilityChecks: false, moz:buildID: 20200720193547, moz:geckodriverVersion: 0.27.0, moz:headless: false, moz:processID: 5778, moz:profile: /tmp/rust_mozprofilergFbaF, moz:shutdownTimeout: 60000, moz:useNonSpecCompliantPointerOrigin: false, moz:webdriverClick: true, pageLoadStrategy: normal, platform: LINUX, platformName: LINUX, platformVersion: 4.19.76-linuxkit, rotatable: false, setWindowRect: true, strictFileInteractability: false, timeouts: {implicit: 0, pageLoad: 300000, script: 30000}, unhandledPromptBehavior: dismiss and notify, webdriver.remote.sessionid: 19c08664-5a5d-4c0c-a76f-bf6...}
Session ID: 19c08664-5a5d-4c0c-a76f-bf627a3b324d
	at sun.reflect.NativeConstructorAccessorImpl.newInstance0(Native Method)
	at sun.reflect.NativeConstructorAccessorImpl.newInstance(NativeConstructorAccessorImpl.java:62)
	at sun.reflect.DelegatingConstructorAccessorImpl.newInstance(DelegatingConstructorAccessorImpl.java:45)
	at java.lang.reflect.Constructor.newInstance(Constructor.java:423)
	at org.openqa.selenium.remote.http.W3CHttpResponseCodec.createException(W3CHttpResponseCodec.java:187)
	at org.openqa.selenium.remote.http.W3CHttpResponseCodec.decode(W3CHttpResponseCodec.java:122)
	at org.openqa.selenium.remote.http.W3CHttpResponseCodec.decode(W3CHttpResponseCodec.java:49)
	at org.openqa.selenium.remote.HttpCommandExecutor.execute(HttpCommandExecutor.java:158)
	at org.openqa.selenium.remote.RemoteWebDriver.execute(RemoteWebDriver.java:552)
	at org.openqa.selenium.remote.RemoteWebDriver.get(RemoteWebDriver.java:277)
	at org.openqa.selenium.remote.RemoteWebDriver$RemoteNavigation.to(RemoteWebDriver.java:857)
	at MyTest.FirstTest.instagramTest(FirstTest.java:25)
	at sun.reflect.NativeMethodAccessorImpl.invoke0(Native Method)
	at sun.reflect.NativeMethodAccessorImpl.invoke(NativeMethodAccessorImpl.java:62)
	at sun.reflect.DelegatingMethodAccessorImpl.invoke(DelegatingMethodAccessorImpl.java:43)
	at java.lang.reflect.Method.invoke(Method.java:498)
	at org.testng.internal.MethodInvocationHelper.invokeMethod(MethodInvocationHelper.java:86)
	at org.testng.internal.Invoker.invokeMethod(Invoker.java:645)
	at org.testng.internal.Invoker.invokeTestMethod(Invoker.java:822)
	at org.testng.internal.Invoker.invokeTestMethods(Invoker.java:1130)
	at org.testng.internal.TestMethodWorker.invokeTestMethods(TestMethodWorker.java:129)
	at org.testng.internal.TestMethodWorker.run(TestMethodWorker.java:112)
	at org.testng.TestRunner.privateRun(TestRunner.java:782)
	at org.testng.TestRunner.run(TestRunner.java:632)
	at org.testng.SuiteRunner.runTest(SuiteRunner.java:366)
	at org.testng.SuiteRunner.access$000(SuiteRunner.java:39)
	at org.testng.SuiteRunner$SuiteWorker.run(SuiteRunner.java:400)
	at org.testng.internal.thread.ThreadUtil$2.call(ThreadUtil.java:64)
	at java.util.concurrent.FutureTask.run(FutureTask.java:266)
	at java.util.concurrent.ThreadPoolExecutor.runWorker(ThreadPoolExecutor.java:1149)
	at java.util.concurrent.ThreadPoolExecutor$Worker.run(ThreadPoolExecutor.java:624)
	at java.lang.Thread.run(Thread.java:748)
]]>
            </full-stacktrace>
          </exception> <!-- org.openqa.selenium.InvalidArgumentException -->
          <reporter-output>
          </reporter-output>
        </test-method> <!-- instagramTest -->
        <test-method status="PASS" signature="tearDown()[pri:0, instance:MyTest.FirstTest@506e6d5e]" name="tearDown" is-config="true" duration-ms="1522" started-at="2020-08-02T03:36:29Z" finished-at="2020-08-02T03:36:30Z">
          <reporter-output>
          </reporter-output>
        </test-method> <!-- tearDown -->
        <test-method status="PASS" signature="terminate()[pri:0, instance:MyTest.FirstTest@506e6d5e]" name="terminate" is-config="true" duration-ms="0" started-at="2020-08-02T03:36:30Z" finished-at="2020-08-02T03:36:30Z">
          <reporter-output>
          </reporter-output>
        </test-method> <!-- terminate -->
      </class> <!-- MyTest.FirstTest -->
    </test> <!-- FirefoxTest -->
  </suite> <!-- Suite -->
</testng-results>
